************* Module 01-basics
before/01-basics.py:58:0: C0301: Line too long (107/100) (line-too-long)
before/01-basics.py:85:0: C0301: Line too long (119/100) (line-too-long)
before/01-basics.py:86:0: C0301: Line too long (103/100) (line-too-long)
before/01-basics.py:88:0: C0301: Line too long (139/100) (line-too-long)
before/01-basics.py:95:0: C0301: Line too long (101/100) (line-too-long)
before/01-basics.py:102:0: C0301: Line too long (134/100) (line-too-long)
before/01-basics.py:144:0: C0301: Line too long (123/100) (line-too-long)
before/01-basics.py:1:0: C0103: Module name "01-basics" doesn't conform to snake_case naming style (invalid-name)
before/01-basics.py:1:0: C0114: Missing module docstring (missing-module-docstring)
before/01-basics.py:70:4: W0621: Redefining name 'log' from outer scope (line 46) (redefined-outer-name)
before/01-basics.py:78:0: W0104: Statement seems to have no effect (pointless-statement)
before/01-basics.py:95:59: E0602: Undefined variable 'random' (undefined-variable)
before/01-basics.py:110:0: C0103: Constant name "number" doesn't conform to UPPER_CASE naming style (invalid-name)
before/01-basics.py:111:0: C0103: Constant name "fractional_number" doesn't conform to UPPER_CASE naming style (invalid-name)
before/01-basics.py:112:0: C0103: Constant name "binary" doesn't conform to UPPER_CASE naming style (invalid-name)
before/01-basics.py:113:0: C0103: Constant name "octal" doesn't conform to UPPER_CASE naming style (invalid-name)
before/01-basics.py:114:0: C0103: Constant name "hexadecimal" doesn't conform to UPPER_CASE naming style (invalid-name)
before/01-basics.py:115:0: C0103: Constant name "complex_value" doesn't conform to UPPER_CASE naming style (invalid-name)
before/01-basics.py:116:0: C0103: Constant name "string" doesn't conform to UPPER_CASE naming style (invalid-name)
before/01-basics.py:117:0: C0103: Constant name "another_string" doesn't conform to UPPER_CASE naming style (invalid-name)
before/01-basics.py:118:0: C0103: Constant name "complex_string" doesn't conform to UPPER_CASE naming style (invalid-name)
before/01-basics.py:119:0: C0103: Constant name "unicode_string" doesn't conform to UPPER_CASE naming style (invalid-name)
before/01-basics.py:120:0: C0103: Constant name "raw_string" doesn't conform to UPPER_CASE naming style (invalid-name)
before/01-basics.py:121:0: C0103: Constant name "boolean" doesn't conform to UPPER_CASE naming style (invalid-name)
before/01-basics.py:123:0: C0103: Constant name "how_to_work_with_null" doesn't conform to UPPER_CASE naming style (invalid-name)
before/01-basics.py:137:0: W1404: Implicit string concatenation found in assignment (implicit-str-concat)
before/01-basics.py:137:0: C0103: Constant name "a_tuple" doesn't conform to UPPER_CASE naming style (invalid-name)
before/01-basics.py:37:0: W0611: Unused sample imported from random (unused-import)
************* Module 02-wrappers
before/02-wrappers.py:4:0: C0301: Line too long (174/100) (line-too-long)
before/02-wrappers.py:23:0: C0301: Line too long (146/100) (line-too-long)
before/02-wrappers.py:37:0: C0305: Trailing newlines (trailing-newlines)
before/02-wrappers.py:1:0: C0103: Module name "02-wrappers" doesn't conform to snake_case naming style (invalid-name)
before/02-wrappers.py:1:0: C0114: Missing module docstring (missing-module-docstring)
before/02-wrappers.py:7:0: C0413: Import "import inspect" should be placed at the top of the module (wrong-import-position)
before/02-wrappers.py:10:0: C0116: Missing function or method docstring (missing-function-docstring)
before/02-wrappers.py:21:0: C0116: Missing function or method docstring (missing-function-docstring)
before/02-wrappers.py:30:0: C0116: Missing function or method docstring (missing-function-docstring)
************* Module 03-logging
before/03-logging.py:19:0: C0301: Line too long (115/100) (line-too-long)
before/03-logging.py:23:0: C0301: Line too long (118/100) (line-too-long)
before/03-logging.py:40:65: C0303: Trailing whitespace (trailing-whitespace)
before/03-logging.py:42:0: C0301: Line too long (114/100) (line-too-long)
before/03-logging.py:1:0: C0103: Module name "03-logging" doesn't conform to snake_case naming style (invalid-name)
before/03-logging.py:1:0: C0114: Missing module docstring (missing-module-docstring)
before/03-logging.py:12:0: C0116: Missing function or method docstring (missing-function-docstring)
before/03-logging.py:29:0: C0116: Missing function or method docstring (missing-function-docstring)
before/03-logging.py:10:0: C0411: standard import "import sys" should be placed before "from loguru import logger" (wrong-import-order)
************* Module 04-classes
before/04-classes.py:34:0: C0301: Line too long (105/100) (line-too-long)
before/04-classes.py:1:0: C0103: Module name "04-classes" doesn't conform to snake_case naming style (invalid-name)
before/04-classes.py:1:0: C0114: Missing module docstring (missing-module-docstring)
before/04-classes.py:31:8: W0612: Unused variable 'local_variable' (unused-variable)
before/04-classes.py:18:0: R0903: Too few public methods (1/2) (too-few-public-methods)
before/04-classes.py:47:0: C0115: Missing class docstring (missing-class-docstring)
before/04-classes.py:48:4: C0116: Missing function or method docstring (missing-function-docstring)
before/04-classes.py:48:4: E0211: Method has no argument (no-method-argument)
before/04-classes.py:48:4: R0201: Method could be a function (no-self-use)
before/04-classes.py:47:0: R0903: Too few public methods (1/2) (too-few-public-methods)
before/04-classes.py:51:0: C0116: Missing function or method docstring (missing-function-docstring)
************* Module 05-zen_of_python
before/05-zen_of_python.py:12:51: C0303: Trailing whitespace (trailing-whitespace)
before/05-zen_of_python.py:13:53: C0303: Trailing whitespace (trailing-whitespace)
before/05-zen_of_python.py:14:56: C0303: Trailing whitespace (trailing-whitespace)
before/05-zen_of_python.py:1:0: C0103: Module name "05-zen_of_python" doesn't conform to snake_case naming style (invalid-name)
before/05-zen_of_python.py:18:0: C0116: Missing function or method docstring (missing-function-docstring)
before/05-zen_of_python.py:19:4: C0415: Import outside toplevel (this) (import-outside-toplevel)
before/05-zen_of_python.py:19:4: W0611: Unused import this (unused-import)

------------------------------------------------------------------
Your code has been rated at 3.33/10 (previous run: 3.33/10, +0.00)

